<?xml version="1.0" encoding="UTF-8"?>
<!-- Generated by org.testng.reporters.JUnitXMLReporter -->
<testsuite ignored="0" hostname="Lenovo" failures="0" tests="8" name="Default test" time="416.243" errors="0" timestamp="15 Jun 2022 17:05:15 GMT">
  <testcase classname="org.test1.TestCaseTask" name="TestCase" time="201.683"/>
  <testcase classname="org.test1.TestCaseTask" name="TestCase1" time="58.921"/>
  <testcase classname="org.test1.TestCaseTask" name="TestCase2" time="22.781"/>
  <testcase classname="org.test1.TestCaseTask" name="TestCase3" time="41.748"/>
  <testcase classname="org.test1.TestCaseTask" name="TestCase4" time="25.66"/>
  <testcase classname="org.test1.TestCaseTask" name="TestCase5" time="21.055"/>
  <testcase classname="org.test1.TestCaseTask" name="TestCase6" time="23.285"/>
  <testcase classname="org.test1.TestCaseTask" name="TestCase7" time="20.886"/>
</testsuite> <!-- Default test -->
