<?xml version="1.0" encoding="UTF-8"?>
<testng-results ignored="0" total="2" passed="2" failed="0" skipped="0">
  <reporter-output>
  </reporter-output>
  <suite started-at="2022-06-08T14:16:22Z" name="Default suite" finished-at="2022-06-08T14:17:58Z" duration-ms="95786">
    <groups>
    </groups>
    <test started-at="2022-06-08T14:16:22Z" name="Default test" finished-at="2022-06-08T14:17:58Z" duration-ms="95786">
      <class name="org.test1.TaskDay1">
        <test-method signature="mobileName()[pri:0, instance:org.test1.TaskDay1@5afa3c9]" started-at="2022-06-08T19:46:22Z" name="mobileName" finished-at="2022-06-08T19:47:05Z" duration-ms="43000" status="PASS">
          <reporter-output>
          </reporter-output>
        </test-method> <!-- mobileName -->
        <test-method signature="mobilePrice()[pri:0, instance:org.test1.TaskDay1@5afa3c9]" started-at="2022-06-08T19:47:05Z" name="mobilePrice" finished-at="2022-06-08T19:47:58Z" duration-ms="52600" status="PASS">
          <reporter-output>
          </reporter-output>
        </test-method> <!-- mobilePrice -->
      </class> <!-- org.test1.TaskDay1 -->
    </test> <!-- Default test -->
  </suite> <!-- Default suite -->
</testng-results>
